DEB [20220325-10:21:13.328] thr=1   paramiko.transport: starting thread (client mode): 0xd74b6860
DEB [20220325-10:21:13.328] thr=1   paramiko.transport: Local version/idstring: SSH-2.0-paramiko_2.10.3
DEB [20220325-10:21:13.351] thr=1   paramiko.transport: Remote version/idstring: SSH-2.0-OpenSSH_7.4
INF [20220325-10:21:13.351] thr=1   paramiko.transport: Connected (version 2.0, client OpenSSH_7.4)
DEB [20220325-10:21:13.359] thr=1   paramiko.transport: === Key exchange possibilities ===
DEB [20220325-10:21:13.359] thr=1   paramiko.transport: kex algos: curve25519-sha256, curve25519-sha256@libssh.org, ecdh-sha2-nistp256, ecdh-sha2-nistp384, ecdh-sha2-nistp521, diffie-hellman-group-exchange-sha256, diffie-hellman-group16-sha512, diffie-hellman-group18-sha512, diffie-hellman-group-exchange-sha1, diffie-hellman-group14-sha256, diffie-hellman-group14-sha1, diffie-hellman-group1-sha1
DEB [20220325-10:21:13.359] thr=1   paramiko.transport: server key: ssh-rsa, rsa-sha2-512, rsa-sha2-256, ecdsa-sha2-nistp256, ssh-ed25519
DEB [20220325-10:21:13.359] thr=1   paramiko.transport: client encrypt: chacha20-poly1305@openssh.com, aes128-ctr, aes192-ctr, aes256-ctr, aes128-gcm@openssh.com, aes256-gcm@openssh.com, aes128-cbc, aes192-cbc, aes256-cbc, blowfish-cbc, cast128-cbc, 3des-cbc
DEB [20220325-10:21:13.359] thr=1   paramiko.transport: server encrypt: chacha20-poly1305@openssh.com, aes128-ctr, aes192-ctr, aes256-ctr, aes128-gcm@openssh.com, aes256-gcm@openssh.com, aes128-cbc, aes192-cbc, aes256-cbc, blowfish-cbc, cast128-cbc, 3des-cbc
DEB [20220325-10:21:13.359] thr=1   paramiko.transport: client mac: umac-64-etm@openssh.com, umac-128-etm@openssh.com, hmac-sha2-256-etm@openssh.com, hmac-sha2-512-etm@openssh.com, hmac-sha1-etm@openssh.com, umac-64@openssh.com, umac-128@openssh.com, hmac-sha2-256, hmac-sha2-512, hmac-sha1
DEB [20220325-10:21:13.359] thr=1   paramiko.transport: server mac: umac-64-etm@openssh.com, umac-128-etm@openssh.com, hmac-sha2-256-etm@openssh.com, hmac-sha2-512-etm@openssh.com, hmac-sha1-etm@openssh.com, umac-64@openssh.com, umac-128@openssh.com, hmac-sha2-256, hmac-sha2-512, hmac-sha1
DEB [20220325-10:21:13.359] thr=1   paramiko.transport: client compress: none, zlib@openssh.com
DEB [20220325-10:21:13.359] thr=1   paramiko.transport: server compress: none, zlib@openssh.com
DEB [20220325-10:21:13.359] thr=1   paramiko.transport: client lang: <none>
DEB [20220325-10:21:13.359] thr=1   paramiko.transport: server lang: <none>
DEB [20220325-10:21:13.359] thr=1   paramiko.transport: kex follows: False
DEB [20220325-10:21:13.359] thr=1   paramiko.transport: === Key exchange agreements ===
DEB [20220325-10:21:13.359] thr=1   paramiko.transport: Kex: curve25519-sha256@libssh.org
DEB [20220325-10:21:13.359] thr=1   paramiko.transport: HostKey: ssh-rsa
DEB [20220325-10:21:13.359] thr=1   paramiko.transport: Cipher: aes128-ctr
DEB [20220325-10:21:13.359] thr=1   paramiko.transport: MAC: hmac-sha2-256
DEB [20220325-10:21:13.359] thr=1   paramiko.transport: Compression: none
DEB [20220325-10:21:13.359] thr=1   paramiko.transport: === End of kex handshake ===
DEB [20220325-10:21:13.371] thr=1   paramiko.transport: kex engine KexCurve25519 specified hash_algo <built-in function openssl_sha256>
DEB [20220325-10:21:13.371] thr=1   paramiko.transport: Switch to new keys ...
DEB [20220325-10:21:13.375] thr=1   paramiko.transport: Got EXT_INFO: {'server-sig-algs': b'rsa-sha2-256,rsa-sha2-512'}
DEB [20220325-10:21:13.422] thr=2   paramiko.transport: Trying discovered key b'798c4648a14cd708fedcf151cadcd4ea' in C:\Users\Administrator/.ssh/id_rsa
DEB [20220325-10:21:13.426] thr=1   paramiko.transport: userauth is OK
DEB [20220325-10:21:13.426] thr=1   paramiko.transport: Finalizing pubkey algorithm for key of type 'ssh-rsa'
DEB [20220325-10:21:13.426] thr=1   paramiko.transport: Our pubkey algorithm list: ['rsa-sha2-512', 'rsa-sha2-256', 'ssh-rsa']
DEB [20220325-10:21:13.426] thr=1   paramiko.transport: Server-side algorithm list: ['rsa-sha2-256', 'rsa-sha2-512']
DEB [20220325-10:21:13.426] thr=1   paramiko.transport: Agreed upon 'rsa-sha2-512' pubkey algorithm
INF [20220325-10:21:13.492] thr=1   paramiko.transport: Authentication (publickey) failed.
DEB [20220325-10:21:13.492] thr=1   paramiko.transport: userauth is OK
INF [20220325-10:21:13.539] thr=1   paramiko.transport: Authentication (password) successful!
DEB [20220325-10:21:13.543] thr=2   paramiko.transport: [chan 0] Max packet in: 32768 bytes
DEB [20220325-10:21:13.727] thr=1   paramiko.transport: Received global request "hostkeys-00@openssh.com"
DEB [20220325-10:21:13.727] thr=1   paramiko.transport: Rejecting "hostkeys-00@openssh.com" global request from server.
DEB [20220325-10:21:13.772] thr=1   paramiko.transport: [chan 0] Max packet out: 32768 bytes
DEB [20220325-10:21:13.772] thr=1   paramiko.transport: Secsh channel 0 opened.
DEB [20220325-10:21:13.782] thr=1   paramiko.transport: [chan 0] Sesch channel 0 request ok
DEB [20220325-10:21:13.822] thr=1   paramiko.transport: [chan 0] EOF received (0)
DEB [20220325-10:21:13.841] thr=2   paramiko.transport: [chan 0] EOF sent (0)
DEB [20220325-10:21:13.841] thr=2   paramiko.transport: Dropping user packet because connection is dead.
